  Camera.cpp
  Light.cpp
  Material.cpp
  Mesh.cpp
  Model.cpp
  Object3d.cpp
  Renderer3d.cpp
C:\Users\nicol\source\repos\noisyEngine\noisyEngine\Renderer3d.cpp(336,25): warning C4244: 'initialisation' : conversion de 'double' en 'unsigned int', perte possible de données
C:\Users\nicol\source\repos\noisyEngine\noisyEngine\Renderer3d.cpp(337,26): warning C4244: 'initialisation' : conversion de 'double' en 'unsigned int', perte possible de données
  Scene.cpp
  Shader.cpp
  Source.cpp
  Window.cpp
C:\Users\nicol\source\repos\noisyEngine\noisyEngine\Window.cpp(149,16): warning C4244: '=' : conversion de 'double' en 'uint32_t', perte possible de données
  Génération de code en cours
  2 of 1204 functions ( 0.2%) were compiled, the rest were copied from previous compilation.
    1 functions were new in current compilation
    9 functions had inline decision re-evaluated but remain unchanged
  Fin de la génération du code
  noisyEngine.vcxproj -> C:\Users\nicol\source\repos\noisyEngine\x64\Release\noisyEngine.exe
